<?xml version="1.0" encoding="utf-8"?><testsuites name="pytest tests"><testsuite name="pytest" errors="0" failures="0" skipped="0" tests="17" time="5.873" timestamp="2026-02-16T07:26:37.536540+00:00" hostname="agent-env-893660ee-1543-4014-8128-33d7d3098bdc"><testcase classname="backend.tests.test_schedule_views.TestHealthAndBaseAPI" name="test_api_root" time="0.239" /><testcase classname="backend.tests.test_schedule_views.TestHealthAndBaseAPI" name="test_get_duties" time="0.106" /><testcase classname="backend.tests.test_schedule_views.TestHealthAndBaseAPI" name="test_get_personnel" time="0.111" /><testcase classname="backend.tests.test_schedule_views.TestScheduleDutiesDateRange" name="test_get_schedule_duties_single_date" time="0.149" /><testcase classname="backend.tests.test_schedule_views.TestScheduleDutiesDateRange" name="test_get_schedule_duties_date_range_week" time="0.126" /><testcase classname="backend.tests.test_schedule_views.TestScheduleDutiesDateRange" name="test_get_schedule_duties_date_range_month" time="0.123" /><testcase classname="backend.tests.test_schedule_views.TestAssignmentsDateRange" name="test_get_assignments_single_date" time="0.321" /><testcase classname="backend.tests.test_schedule_views.TestAssignmentsDateRange" name="test_get_assignments_date_range_week" time="0.110" /><testcase classname="backend.tests.test_schedule_views.TestAssignmentsDateRange" name="test_get_assignments_date_range_month" time="0.091" /><testcase classname="backend.tests.test_schedule_views.TestRecurringAssignments" name="test_create_recurring_assignment_daily" time="0.492" /><testcase classname="backend.tests.test_schedule_views.TestRecurringAssignments" name="test_create_recurring_assignment_weekly" time="0.448" /><testcase classname="backend.tests.test_schedule_views.TestRecurringAssignments" name="test_create_recurring_assignment_biweekly" time="0.415" /><testcase classname="backend.tests.test_schedule_views.TestRecurringAssignments" name="test_create_recurring_assignment_monthly" time="0.631" /><testcase classname="backend.tests.test_schedule_views.TestRecurringAssignments" name="test_create_recurring_assignment_custom_days" time="0.827" /><testcase classname="backend.tests.test_schedule_views.TestRecurringAssignments" name="test_create_recurring_assignment_end_by_date" time="0.428" /><testcase classname="backend.tests.test_schedule_views.TestRecurringAssignments" name="test_create_recurring_assignment_never_end" time="0.592" /><testcase classname="backend.tests.test_schedule_views.TestAssignmentCRUD" name="test_create_and_get_assignment" time="0.548" /></testsuite></testsuites>